  BTree.cpp
C:\Users\세영\source\repos\B+tree\B+tree\BTree.cpp(233,10): warning C4477: 'printf' : 서식 문자열 '%ld'에 'long' 형식의 인수가 필요하지만 variadic 인수 1의 형식이 '__int64'입니다.
C:\Users\세영\source\repos\B+tree\B+tree\BTree.cpp(233,10): message : 서식 문자열에서 '%lld'을(를) 사용하는 것이 좋습니다.
C:\Users\세영\source\repos\B+tree\B+tree\BTree.cpp(233,10): message : 서식 문자열에서 '%I64d'을(를) 사용하는 것이 좋습니다.
C:\Users\세영\source\repos\B+tree\B+tree\BTree.cpp(249,12): warning C4477: 'printf' : 서식 문자열 '%ld'에 'long' 형식의 인수가 필요하지만 variadic 인수 1의 형식이 '__int64'입니다.
C:\Users\세영\source\repos\B+tree\B+tree\BTree.cpp(249,12): message : 서식 문자열에서 '%lld'을(를) 사용하는 것이 좋습니다.
C:\Users\세영\source\repos\B+tree\B+tree\BTree.cpp(249,12): message : 서식 문자열에서 '%I64d'을(를) 사용하는 것이 좋습니다.
C:\Users\세영\source\repos\B+tree\B+tree\BTree.cpp(277,34): warning C4244: '인수': '__int64'에서 'int'(으)로 변환하면서 데이터가 손실될 수 있습니다.
C:\Users\세영\source\repos\B+tree\B+tree\BTree.cpp(280,40): warning C4244: '인수': '__int64'에서 'int'(으)로 변환하면서 데이터가 손실될 수 있습니다.
C:\Users\세영\source\repos\B+tree\B+tree\BTree.cpp(288,19): warning C4244: '인수': '__int64'에서 'int'(으)로 변환하면서 데이터가 손실될 수 있습니다.
C:\Users\세영\source\repos\B+tree\B+tree\BTree.cpp(298,49): warning C4244: '인수': '__int64'에서 'int'(으)로 변환하면서 데이터가 손실될 수 있습니다.
C:\Users\세영\source\repos\B+tree\B+tree\BTree.cpp(302,35): warning C4244: '인수': '__int64'에서 'int'(으)로 변환하면서 데이터가 손실될 수 있습니다.
C:\Users\세영\source\repos\B+tree\B+tree\BTree.cpp(304,41): warning C4244: '인수': '__int64'에서 'int'(으)로 변환하면서 데이터가 손실될 수 있습니다.
C:\Users\세영\source\repos\B+tree\B+tree\BTree.cpp(344,37): warning C4244: '인수': '__int64'에서 'int'(으)로 변환하면서 데이터가 손실될 수 있습니다.
C:\Users\세영\source\repos\B+tree\B+tree\BTree.cpp(351,52): warning C4244: '인수': '__int64'에서 'int'(으)로 변환하면서 데이터가 손실될 수 있습니다.
C:\Users\세영\source\repos\B+tree\B+tree\BTree.cpp(355,20): warning C4244: '인수': '__int64'에서 'int'(으)로 변환하면서 데이터가 손실될 수 있습니다.
C:\Users\세영\source\repos\B+tree\B+tree\BTree.cpp(373,38): warning C4244: '인수': '__int64'에서 'int'(으)로 변환하면서 데이터가 손실될 수 있습니다.
C:\Users\세영\source\repos\B+tree\B+tree\BTree.cpp(379,20): warning C4244: '인수': '__int64'에서 'int'(으)로 변환하면서 데이터가 손실될 수 있습니다.
C:\Users\세영\source\repos\B+tree\B+tree\BTree.cpp(392,38): warning C4244: '인수': '__int64'에서 'int'(으)로 변환하면서 데이터가 손실될 수 있습니다.
C:\Users\세영\source\repos\B+tree\B+tree\BTree.cpp(398,20): warning C4244: '인수': '__int64'에서 'int'(으)로 변환하면서 데이터가 손실될 수 있습니다.
C:\Users\세영\source\repos\B+tree\B+tree\BTree.cpp(401,10): warning C4477: 'printf' : 서식 문자열 '%ld'에 'long' 형식의 인수가 필요하지만 variadic 인수 1의 형식이 '__int64'입니다.
C:\Users\세영\source\repos\B+tree\B+tree\BTree.cpp(401,10): message : 서식 문자열에서 '%lld'을(를) 사용하는 것이 좋습니다.
C:\Users\세영\source\repos\B+tree\B+tree\BTree.cpp(401,10): message : 서식 문자열에서 '%I64d'을(를) 사용하는 것이 좋습니다.
C:\Users\세영\source\repos\B+tree\B+tree\BTree.cpp(409,42): warning C4244: '인수': '__int64'에서 'int'(으)로 변환하면서 데이터가 손실될 수 있습니다.
C:\Users\세영\source\repos\B+tree\B+tree\BTree.cpp(417,31): warning C4244: '인수': '__int64'에서 'int'(으)로 변환하면서 데이터가 손실될 수 있습니다.
C:\Users\세영\source\repos\B+tree\B+tree\BTree.cpp(417,26): warning C4244: '인수': '__int64'에서 'int'(으)로 변환하면서 데이터가 손실될 수 있습니다.
C:\Users\세영\source\repos\B+tree\B+tree\BTree.cpp(405,28): warning C4101: 'temp_high' :참조되지 않은 지역 변수입니다.
  B+tree.vcxproj -> C:\Users\세영\source\repos\B+tree\Debug\B+tree.exe
